<?xml version="1.0" encoding="UTF-8"?>
<testng-results ignored="0" total="1" passed="1" failed="0" skipped="0">
  <reporter-output>
  </reporter-output>
  <suite started-at="2022-08-14T05:03:55Z" name="Default suite" finished-at="2022-08-14T05:04:15Z" duration-ms="19627">
    <groups>
    </groups>
    <test started-at="2022-08-14T05:03:55Z" name="Default test" finished-at="2022-08-14T05:04:15Z" duration-ms="19627">
      <class name="qaautomation.Tugas3.YopMailWebTest">
        <test-method is-config="true" signature="setUp()[pri:0, instance:qaautomation.Tugas3.YopMailWebTest@13330ac6]" started-at="2022-08-14T05:03:55Z" name="setUp" finished-at="2022-08-14T05:04:04Z" duration-ms="8971" status="PASS">
          <reporter-output>
          </reporter-output>
        </test-method> <!-- setUp -->
        <test-method signature="testEmailLogin()[pri:0, instance:qaautomation.Tugas3.YopMailWebTest@13330ac6]" started-at="2022-08-14T05:04:04Z" name="testEmailLogin" finished-at="2022-08-14T05:04:14Z" duration-ms="9477" status="PASS">
          <reporter-output>
          </reporter-output>
        </test-method> <!-- testEmailLogin -->
        <test-method is-config="true" signature="tearDown()[pri:0, instance:qaautomation.Tugas3.YopMailWebTest@13330ac6]" started-at="2022-08-14T05:04:14Z" name="tearDown" finished-at="2022-08-14T05:04:15Z" duration-ms="628" status="PASS">
          <reporter-output>
          </reporter-output>
        </test-method> <!-- tearDown -->
      </class> <!-- qaautomation.Tugas3.YopMailWebTest -->
    </test> <!-- Default test -->
  </suite> <!-- Default suite -->
</testng-results>
