<?xml version="1.0" encoding="UTF-8"?>
<testng-results ignored="0" total="1" passed="1" failed="0" skipped="0">
  <reporter-output>
  </reporter-output>
  <suite started-at="2022-08-16T06:32:31Z" name="Default suite" finished-at="2022-08-16T06:32:49Z" duration-ms="17423">
    <groups>
    </groups>
    <test started-at="2022-08-16T06:32:31Z" name="Default test" finished-at="2022-08-16T06:32:49Z" duration-ms="17423">
      <class name="qaautomation.Tugas4.SaucedemoWebTest">
        <test-method is-config="true" signature="setUp()[pri:0, instance:qaautomation.Tugas4.SaucedemoWebTest@40db2a24]" started-at="2022-08-16T06:32:31Z" name="setUp" finished-at="2022-08-16T06:32:40Z" duration-ms="8539" status="PASS">
          <reporter-output>
          </reporter-output>
        </test-method> <!-- setUp -->
        <test-method signature="buyInSaucedemo()[pri:0, instance:qaautomation.Tugas4.SaucedemoWebTest@40db2a24]" started-at="2022-08-16T06:32:40Z" name="buyInSaucedemo" finished-at="2022-08-16T06:32:48Z" duration-ms="7664" status="PASS">
          <reporter-output>
          </reporter-output>
        </test-method> <!-- buyInSaucedemo -->
        <test-method is-config="true" signature="tearDown()[pri:0, instance:qaautomation.Tugas4.SaucedemoWebTest@40db2a24]" started-at="2022-08-16T06:32:48Z" name="tearDown" finished-at="2022-08-16T06:32:49Z" duration-ms="726" status="PASS">
          <reporter-output>
          </reporter-output>
        </test-method> <!-- tearDown -->
      </class> <!-- qaautomation.Tugas4.SaucedemoWebTest -->
    </test> <!-- Default test -->
  </suite> <!-- Default suite -->
</testng-results>
