<?xml version="1.0" encoding="UTF-8"?>
<testng-results ignored="0" total="1" passed="1" failed="0" skipped="0">
  <reporter-output>
  </reporter-output>
  <suite started-at="2022-08-16T06:41:07Z" name="Default suite" finished-at="2022-08-16T06:41:17Z" duration-ms="10096">
    <groups>
    </groups>
    <test started-at="2022-08-16T06:41:07Z" name="Default test" finished-at="2022-08-16T06:41:17Z" duration-ms="10096">
      <class name="qaautomation.Tugas5.APITestSignUp">
        <test-method is-config="true" signature="signUp()[pri:0, instance:qaautomation.Tugas5.APITestSignUp@30331109]" started-at="2022-08-16T06:41:07Z" name="signUp" finished-at="2022-08-16T06:41:15Z" duration-ms="8252" status="PASS">
          <reporter-output>
          </reporter-output>
        </test-method> <!-- signUp -->
        <test-method signature="signupAPI()[pri:0, instance:qaautomation.Tugas5.APITestSignUp@30331109]" started-at="2022-08-16T06:41:16Z" name="signupAPI" finished-at="2022-08-16T06:41:17Z" duration-ms="1444" status="PASS">
          <reporter-output>
          </reporter-output>
        </test-method> <!-- signupAPI -->
      </class> <!-- qaautomation.Tugas5.APITestSignUp -->
    </test> <!-- Default test -->
  </suite> <!-- Default suite -->
</testng-results>
