<?xml version="1.0" encoding="UTF-8"?>
<testng-results ignored="0" total="1" passed="1" failed="0" skipped="0">
  <reporter-output>
  </reporter-output>
  <suite started-at="2022-08-18T08:20:31Z" name="Default suite" finished-at="2022-08-18T08:20:41Z" duration-ms="9257">
    <groups>
    </groups>
    <test started-at="2022-08-18T08:20:31Z" name="Default test" finished-at="2022-08-18T08:20:41Z" duration-ms="9257">
      <class name="qaautomation.Tugas5.APITestSignUp">
        <test-method is-config="true" signature="signUp()[pri:0, instance:qaautomation.Tugas5.APITestSignUp@2571066a]" started-at="2022-08-18T08:20:32Z" name="signUp" finished-at="2022-08-18T08:20:39Z" duration-ms="7005" status="PASS">
          <reporter-output>
          </reporter-output>
        </test-method> <!-- signUp -->
        <test-method signature="signupAPI()[pri:0, instance:qaautomation.Tugas5.APITestSignUp@2571066a]" started-at="2022-08-18T08:20:39Z" name="signupAPI" finished-at="2022-08-18T08:20:41Z" duration-ms="1804" status="PASS">
          <reporter-output>
          </reporter-output>
        </test-method> <!-- signupAPI -->
      </class> <!-- qaautomation.Tugas5.APITestSignUp -->
    </test> <!-- Default test -->
  </suite> <!-- Default suite -->
</testng-results>
